<?xml version="1.0" encoding="UTF-8"?>
<coverage generated="1625871338026" clover="3.2.0">
  <project timestamp="1625871338026" name="All files">
    <metrics statements="48" coveredstatements="48" conditionals="29" coveredconditionals="28" methods="7" coveredmethods="7" elements="84" coveredelements="83" complexity="0" loc="48" ncloc="48" packages="1" files="5" classes="5"/>
    <file name="change2dArray.js" path="C:\Users\HP\Desktop\one-percent-better\testing-101\arrays\change2dArray.js">
      <metrics statements="8" coveredstatements="8" conditionals="2" coveredconditionals="2" methods="2" coveredmethods="2"/>
      <line num="27" count="1" type="stmt"/>
      <line num="28" count="2" type="stmt"/>
      <line num="31" count="2" type="stmt"/>
      <line num="32" count="10" type="cond" truecount="2" falsecount="0"/>
      <line num="33" count="3" type="stmt"/>
      <line num="35" count="7" type="stmt"/>
      <line num="40" count="2" type="stmt"/>
      <line num="45" count="1" type="stmt"/>
    </file>
    <file name="cloneArray.js" path="C:\Users\HP\Desktop\one-percent-better\testing-101\arrays\cloneArray.js">
      <metrics statements="3" coveredstatements="3" conditionals="0" coveredconditionals="0" methods="1" coveredmethods="1"/>
      <line num="1" count="1" type="stmt"/>
      <line num="2" count="2" type="stmt"/>
      <line num="7" count="1" type="stmt"/>
    </file>
    <file name="countByX.js" path="C:\Users\HP\Desktop\one-percent-better\testing-101\arrays\countByX.js">
      <metrics statements="8" coveredstatements="8" conditionals="4" coveredconditionals="4" methods="1" coveredmethods="1"/>
      <line num="9" count="1" type="stmt"/>
      <line num="12" count="3" type="stmt"/>
      <line num="13" count="3" type="cond" truecount="2" falsecount="0"/>
      <line num="14" count="2" type="cond" truecount="2" falsecount="0"/>
      <line num="17" count="1" type="stmt"/>
      <line num="18" count="5" type="stmt"/>
      <line num="21" count="1" type="stmt"/>
      <line num="25" count="1" type="stmt"/>
    </file>
    <file name="countingChickens.js" path="C:\Users\HP\Desktop\one-percent-better\testing-101\arrays\countingChickens.js">
      <metrics statements="14" coveredstatements="14" conditionals="16" coveredconditionals="15" methods="1" coveredmethods="1"/>
      <line num="16" count="1" type="stmt"/>
      <line num="17" count="8" type="stmt"/>
      <line num="18" count="8" type="stmt"/>
      <line num="20" count="8" type="cond" truecount="2" falsecount="0"/>
      <line num="21" count="7" type="cond" truecount="4" falsecount="0"/>
      <line num="24" count="6" type="stmt"/>
      <line num="26" count="9" type="cond" truecount="4" falsecount="0"/>
      <line num="27" count="2" type="stmt"/>
      <line num="31" count="7" type="cond" truecount="2" falsecount="0"/>
      <line num="32" count="4" type="stmt"/>
      <line num="33" count="3" type="cond" truecount="3" falsecount="1"/>
      <line num="34" count="3" type="stmt"/>
      <line num="38" count="6" type="stmt"/>
      <line num="42" count="1" type="stmt"/>
    </file>
    <file name="deathStarConstruction.js" path="C:\Users\HP\Desktop\one-percent-better\testing-101\arrays\deathStarConstruction.js">
      <metrics statements="15" coveredstatements="15" conditionals="7" coveredconditionals="7" methods="2" coveredmethods="2"/>
      <line num="1" count="1" type="stmt"/>
      <line num="2" count="4" type="stmt"/>
      <line num="8" count="4" type="stmt"/>
      <line num="10" count="4" type="stmt"/>
      <line num="11" count="19" type="stmt"/>
      <line num="12" count="57" type="stmt"/>
      <line num="13" count="57" type="cond" truecount="2" falsecount="0"/>
      <line num="14" count="11" type="stmt"/>
      <line num="19" count="4" type="stmt"/>
      <line num="20" count="4" type="stmt"/>
      <line num="21" count="4" type="stmt"/>
      <line num="24" count="4" type="cond" truecount="5" falsecount="0"/>
      <line num="25" count="2" type="stmt"/>
      <line num="27" count="2" type="stmt"/>
      <line num="32" count="1" type="stmt"/>
    </file>
  </project>
</coverage>
