TN:
SF:change2dArray\change2dArray.js
FN:27,(anonymous_0)
FN:31,(anonymous_1)
FNF:2
FNH:2
FNDA:2,(anonymous_0)
FNDA:10,(anonymous_1)
DA:27,1
DA:28,2
DA:31,2
DA:32,10
DA:33,3
DA:35,7
DA:40,2
DA:45,1
LF:8
LH:8
BRDA:32,0,0,3
BRDA:32,0,1,7
BRF:2
BRH:2
end_of_record
TN:
SF:cloneArray\cloneArray.js
FN:1,(anonymous_0)
FNF:1
FNH:1
FNDA:2,(anonymous_0)
DA:1,1
DA:2,2
DA:7,1
LF:3
LH:3
BRF:0
BRH:0
end_of_record
TN:
SF:countByX\countByX.js
FN:9,(anonymous_0)
FNF:1
FNH:1
FNDA:3,(anonymous_0)
DA:9,1
DA:12,3
DA:13,3
DA:14,2
DA:17,1
DA:18,5
DA:21,1
DA:25,1
LF:8
LH:8
BRDA:13,0,0,1
BRDA:13,0,1,2
BRDA:14,1,0,1
BRDA:14,1,1,1
BRF:4
BRH:4
end_of_record
TN:
SF:countingChickens\countingChickens.js
FN:16,(anonymous_0)
FNF:1
FNH:1
FNDA:8,(anonymous_0)
DA:16,1
DA:17,8
DA:18,8
DA:20,8
DA:21,7
DA:24,6
DA:26,9
DA:27,2
DA:31,7
DA:32,4
DA:33,3
DA:34,3
DA:38,6
DA:42,1
LF:14
LH:14
BRDA:20,0,0,1
BRDA:20,0,1,7
BRDA:21,1,0,1
BRDA:21,1,1,6
BRDA:21,2,0,7
BRDA:21,2,1,6
BRDA:26,3,0,2
BRDA:26,3,1,7
BRDA:26,4,0,9
BRDA:26,4,1,7
BRDA:31,5,0,4
BRDA:31,5,1,3
BRDA:33,6,0,3
BRDA:33,6,1,0
BRDA:33,7,0,3
BRDA:33,7,1,2
BRF:16
BRH:15
end_of_record
TN:
SF:deathStarConstruction\deathStarConstruction.js
FN:22,(anonymous_0)
FN:32,(anonymous_1)
FNF:2
FNH:2
FNDA:4,(anonymous_0)
FNDA:57,(anonymous_1)
DA:22,1
DA:23,4
DA:29,4
DA:31,4
DA:32,19
DA:33,57
DA:34,57
DA:35,11
DA:40,4
DA:41,4
DA:42,4
DA:45,4
DA:46,2
DA:48,2
DA:53,1
LF:15
LH:15
BRDA:34,0,0,11
BRDA:34,0,1,46
BRDA:45,1,0,2
BRDA:45,1,1,2
BRDA:45,2,0,4
BRDA:45,2,1,3
BRDA:45,2,2,3
BRF:7
BRH:7
end_of_record
